This is pdfTeX, Version 3.14159265-2.6-1.40.16 (TeX Live 2015/Debian) (preloaded format=pdflatex 2017.1.8)  29 APR 2018 18:01
entering extended mode
 restricted \write18 enabled.
 %&-line parsing enabled.
**/home/williamgrimes/Dropbox/curriculum_vitae/william_grimes_cv.tex
(/home/williamgrimes/Dropbox/curriculum_vitae/william_grimes_cv.tex
LaTeX2e <2016/02/01>
Babel <3.9q> and hyphenation patterns for 81 language(s) loaded.

! LaTeX Error: File `resume.cls' not found.

Type X to quit or <RETURN> to proceed,
or enter new name. (Default extension: cls)

Enter file name: 
! Interruption.
<to be read again> 
                   }
l.6 ^^M
       
? X
 
Here is how much of TeX's memory you used:
 11 strings out of 493029
 360 string characters out of 6136235
 53414 words of memory out of 5000000
 3644 multiletter control sequences out of 15000+600000
 3640 words of font info for 14 fonts, out of 8000000 for 9000
 1141 hyphenation exceptions out of 8191
 10i,0n,7p,125b,8s stack positions out of 5000i,500n,10000p,200000b,80000s
No pages of output.
PDF statistics:
 0 PDF objects out of 1000 (max. 8388607)
 0 named destinations out of 1000 (max. 500000)
 1 words of extra memory for PDF output out of 10000 (max. 10000000)

